<?xml version="1.0" encoding="UTF-8"?>
<testng-results skipped="0" failed="0" total="1" passed="1">
  <reporter-output>
  </reporter-output>
  <suite name="Default suite" duration-ms="58734" started-at="2015-08-11T17:06:13Z" finished-at="2015-08-11T17:07:12Z">
    <groups>
    </groups>
    <test name="Default test" duration-ms="58734" started-at="2015-08-11T17:06:13Z" finished-at="2015-08-11T17:07:12Z">
      <class name="week7.Day7">
        <test-method status="PASS" signature="startfirefox()[pri:0, instance:week7.Day7@813486]" name="startfirefox" is-config="true" duration-ms="27281" started-at="2015-08-12T01:06:13Z" finished-at="2015-08-12T01:06:41Z">
          <reporter-output>
          </reporter-output>
        </test-method> <!-- startfirefox -->
        <test-method status="PASS" signature="inputfromandto()[pri:0, instance:week7.Day7@813486]" name="inputfromandto" duration-ms="31422" started-at="2015-08-12T01:06:41Z" finished-at="2015-08-12T01:07:12Z">
          <reporter-output>
          </reporter-output>
        </test-method> <!-- inputfromandto -->
        <test-method status="PASS" signature="endfirefox()[pri:0, instance:week7.Day7@813486]" name="endfirefox" is-config="true" duration-ms="16" started-at="2015-08-12T01:07:12Z" finished-at="2015-08-12T01:07:12Z">
          <reporter-output>
          </reporter-output>
        </test-method> <!-- endfirefox -->
      </class> <!-- week7.Day7 -->
    </test> <!-- Default test -->
  </suite> <!-- Default suite -->
</testng-results>
